This is pdfTeX, Version 3.14159265-2.6-1.40.16 (TeX Live 2015/Debian) (preloaded format=pdflatex 2016.9.8)  13 DEC 2016 16:27
entering extended mode
 restricted \write18 enabled.
 %&-line parsing enabled.
**main.tex
(./main.tex
LaTeX2e <2016/02/01>
Babel <3.9q> and hyphenation patterns for 81 language(s) loaded.
(./bioinfo.cls
Document Class: bioinfo 2003/02/08 0.1
(/usr/share/texlive/texmf-dist/tex/latex/base/inputenc.sty
Package: inputenc 2015/03/17 v1.2c Input encoding file
\inpenc@prehook=\toks14
\inpenc@posthook=\toks15
) (./crop.sty
Package: crop 2001/11/16 v1.6 cropmarks (mf)
\CROP@width=\dimen102
\CROP@height=\dimen103
\CROP@index=\count79

(/usr/share/texlive/texmf-dist/tex/latex/graphics/graphics.sty
Package: graphics 2016/01/03 v1.0q Standard LaTeX Graphics (DPC,SPQR)

(/usr/share/texlive/texmf-dist/tex/latex/graphics/trig.sty
Package: trig 2016/01/03 v1.10 sin cos tan (DPC)
)
(/usr/share/texlive/texmf-dist/tex/latex/latexconfig/graphics.cfg
File: graphics.cfg 2010/04/23 v1.9 graphics configuration of TeX Live
)
Package graphics Info: Driver file: pdftex.def on input line 95.

(/usr/share/texlive/texmf-dist/tex/latex/pdftex-def/pdftex.def
File: pdftex.def 2011/05/27 v0.06d Graphics/color for pdfTeX

(/usr/share/texlive/texmf-dist/tex/generic/oberdiek/infwarerr.sty
Package: infwarerr 2010/04/08 v1.3 Providing info/warning/error messages (HO)
)
(/usr/share/texlive/texmf-dist/tex/generic/oberdiek/ltxcmds.sty
Package: ltxcmds 2011/11/09 v1.22 LaTeX kernel commands for general use (HO)
)
\Gread@gobject=\count80
))
\CROP@offset=\count81
Package crop Info: Local config file crop.cfg used on input line 344.
 (./crop.cfg))
Package crop Info: using pdf(la)tex graphics driver on input line 31.
 (./graphicx.sty
Package: graphicx 1999/02/16 v1.0f Enhanced LaTeX Graphics (DPC,SPQR)
 (/usr/share/texlive/texmf-dist/tex/latex/graphics/keyval.sty
Package: keyval 2014/10/28 v1.15 key=value parser (DPC)
\KV@toks@=\toks16
)
\Gin@req@height=\dimen104
\Gin@req@width=\dimen105
) (/usr/share/texlive/texmf-dist/tex/latex/amsmath/amsmath.sty
Package: amsmath 2016/03/03 v2.15a AMS math features
\@mathmargin=\skip41

For additional information on amsmath, use the `?' option.
(/usr/share/texlive/texmf-dist/tex/latex/amsmath/amstext.sty
Package: amstext 2000/06/29 v2.01 AMS text

(/usr/share/texlive/texmf-dist/tex/latex/amsmath/amsgen.sty
File: amsgen.sty 1999/11/30 v2.0 generic functions
\@emptytoks=\toks17
\ex@=\dimen106
))
(/usr/share/texlive/texmf-dist/tex/latex/amsmath/amsbsy.sty
Package: amsbsy 1999/11/29 v1.2d Bold Symbols
\pmbraise@=\dimen107
)
(/usr/share/texlive/texmf-dist/tex/latex/amsmath/amsopn.sty
Package: amsopn 1999/12/14 v2.01 operator names
)
\inf@bad=\count82
LaTeX Info: Redefining \frac on input line 199.
\uproot@=\count83
\leftroot@=\count84
LaTeX Info: Redefining \overline on input line 297.
\classnum@=\count85
\DOTSCASE@=\count86
LaTeX Info: Redefining \ldots on input line 394.
LaTeX Info: Redefining \dots on input line 397.
LaTeX Info: Redefining \cdots on input line 518.
\Mathstrutbox@=\box26
\strutbox@=\box27
\big@size=\dimen108
LaTeX Font Info:    Redeclaring font encoding OML on input line 630.
LaTeX Font Info:    Redeclaring font encoding OMS on input line 631.
\macc@depth=\count87
\c@MaxMatrixCols=\count88
\dotsspace@=\muskip10
\c@parentequation=\count89
\dspbrk@lvl=\count90
\tag@help=\toks18
\row@=\count91
\column@=\count92
\maxfields@=\count93
\andhelp@=\toks19
\eqnshift@=\dimen109
\alignsep@=\dimen110
\tagshift@=\dimen111
\tagwidth@=\dimen112
\totwidth@=\dimen113
\lineht@=\dimen114
\@envbody=\toks20
\multlinegap=\skip42
\multlinetaggap=\skip43
\mathdisplay@stack=\toks21
LaTeX Info: Redefining \[ on input line 2735.
LaTeX Info: Redefining \] on input line 2736.
) (./array.sty
Package: array 1998/05/13 v2.3m Tabular extension package (FMi)
\col@sep=\dimen115
\extrarowheight=\dimen116
\NC@list=\toks22
\extratabsurround=\skip44
\backup@length=\skip45
)
(./color.sty
Package: color 1999/02/16 v1.0i Standard LaTeX Color (DPC)
 (/usr/share/texlive/texmf-dist/tex/latex/latexconfig/color.cfg
File: color.cfg 2007/01/18 v1.5 color configuration of teTeX/TeXLive
)
Package color Info: Driver file: pdftex.def on input line 125.
)
(/usr/share/texlive/texmf-dist/tex/latex/amsfonts/amssymb.sty
Package: amssymb 2013/01/14 v3.01 AMS font symbols

(/usr/share/texlive/texmf-dist/tex/latex/amsfonts/amsfonts.sty
Package: amsfonts 2013/01/14 v3.01 Basic AMSFonts support
\symAMSa=\mathgroup4
\symAMSb=\mathgroup5
LaTeX Font Info:    Overwriting math alphabet `\mathfrak' in version `bold'
(Font)                  U/euf/m/n --> U/euf/b/n on input line 106.
))
(./flushend.sty
Package: flushend 1997/10/01
\@aaa=\box28
\@ccc=\box29
\@viper=\box30
\hold@viper=\box31
\atColsBreak=\toks23
\@extra@skip=\dimen117
\@nd@page@rule=\dimen118
) (./stfloats.sty
Package: stfloats 1999/10/22
\@dblbotnum=\count94
\c@dblbotnumber=\count95
)
(/usr/share/texlive/texmf-dist/tex/latex/amscls/amsthm.sty
Package: amsthm 2015/03/04 v2.20.2
\thm@style=\toks24
\thm@bodyfont=\toks25
\thm@headfont=\toks26
\thm@notefont=\toks27
\thm@headpunct=\toks28
\thm@preskip=\skip46
\thm@postskip=\skip47
\thm@headsep=\skip48
\dth@everypar=\toks29
) (./chngpage.sty
Package: chngpage 2001/01/31 v1.1b change page layout
\c@cp@cnt=\count96
\c@cp@tempcnt=\count97
)
(/usr/share/texlive/texmf-dist/tex/latex/psnfss/times.sty
Package: times 2005/04/12 PSNFSS-v9.2a (SPQR) 
)
(/usr/share/texlive/texmf-dist/tex/latex/base/fontenc.sty
Package: fontenc 2005/09/27 v1.99g Standard LaTeX package

(/usr/share/texlive/texmf-dist/tex/latex/ly1/ly1enc.def
File: ly1enc.def 2009/07/22 v0.7 TeX 'n ANSI encoding (DPC/KB)
)
LaTeX Font Info:    Try loading font information for LY1+ptm on input line 105.


(/usr/share/texlive/texmf-dist/tex/latex/ly1/ly1ptm.fd
File: ly1ptm.fd 2001/02/01 font definitions for LY1/ptm using Berry names.
))
\c@section=\count98
\c@subsection=\count99
\c@subsubsection=\count100
\c@paragraph=\count101
\c@subparagraph=\count102
\c@figure=\count103
\c@table=\count104
\dropfromtop=\skip49
\extraspace=\skip50
\aboveskipchk=\skip51
\abovecaptionskip=\skip52
\belowcaptionskip=\skip53
\rotdimen=\dimen119
\tempdime=\dimen120
\temptbox=\box32
 (./natbib.sty
Package: natbib 2000/07/24 7.0a (PWD)
\bibhang=\skip54
\bibsep=\skip55
LaTeX Info: Redefining \cite on input line 508.
\c@NAT@ctr=\count105
))
(/usr/share/texlive/texmf-dist/tex/latex/wasysym/wasysym.sty
Package: wasysym 2003/10/30 v2.0 Wasy-2 symbol support package
\symwasy=\mathgroup6
LaTeX Font Info:    Overwriting symbol font `wasy' in version `bold'
(Font)                  U/wasy/m/n --> U/wasy/b/n on input line 90.
)
(/usr/share/texlive/texmf-dist/tex/latex/multirow/multirow.sty
\bigstrutjot=\dimen121
) (./main.aux

LaTeX Warning: Label `fig:table1' multiply defined.

)
\openout1 = `main.aux'.

LaTeX Font Info:    Checking defaults for OML/cmm/m/it on input line 12.
LaTeX Font Info:    ... okay on input line 12.
LaTeX Font Info:    Checking defaults for T1/cmr/m/n on input line 12.
LaTeX Font Info:    ... okay on input line 12.
LaTeX Font Info:    Checking defaults for OT1/cmr/m/n on input line 12.
LaTeX Font Info:    ... okay on input line 12.
LaTeX Font Info:    Checking defaults for OMS/cmsy/m/n on input line 12.
LaTeX Font Info:    ... okay on input line 12.
LaTeX Font Info:    Checking defaults for OMX/cmex/m/n on input line 12.
LaTeX Font Info:    ... okay on input line 12.
LaTeX Font Info:    Checking defaults for U/cmr/m/n on input line 12.
LaTeX Font Info:    ... okay on input line 12.
LaTeX Font Info:    Checking defaults for LY1/ptm/m/n on input line 12.
LaTeX Font Info:    ... okay on input line 12.
 (/usr/share/texlive/texmf-dist/tex/context/base/supp-pdf.mkii
[Loading MPS to PDF converter (version 2006.09.02).]
\scratchcounter=\count106
\scratchdimen=\dimen122
\scratchbox=\box33
\nofMPsegments=\count107
\nofMParguments=\count108
\everyMPshowfont=\toks30
\MPscratchCnt=\count109
\MPscratchDim=\dimen123
\MPnumerator=\count110
\makeMPintoPDFobject=\count111
\everyMPtoPDFconversion=\toks31
) (/usr/share/texlive/texmf-dist/tex/generic/oberdiek/pdftexcmds.sty
Package: pdftexcmds 2011/11/29 v0.20 Utility functions of pdfTeX for LuaTeX (HO
)

(/usr/share/texlive/texmf-dist/tex/generic/oberdiek/ifluatex.sty
Package: ifluatex 2010/03/01 v1.3 Provides the ifluatex switch (HO)
Package ifluatex Info: LuaTeX not detected.
)
(/usr/share/texlive/texmf-dist/tex/generic/oberdiek/ifpdf.sty
Package: ifpdf 2011/01/30 v2.3 Provides the ifpdf switch (HO)
Package ifpdf Info: pdfTeX in PDF mode is detected.
)
Package pdftexcmds Info: LuaTeX not detected.
Package pdftexcmds Info: \pdf@primitive is available.
Package pdftexcmds Info: \pdf@ifprimitive is available.
Package pdftexcmds Info: \pdfdraftmode found.
)
(/usr/share/texlive/texmf-dist/tex/latex/oberdiek/epstopdf-base.sty
Package: epstopdf-base 2010/02/09 v2.5 Base part for package epstopdf

(/usr/share/texlive/texmf-dist/tex/latex/oberdiek/grfext.sty
Package: grfext 2010/08/19 v1.1 Manage graphics extensions (HO)

(/usr/share/texlive/texmf-dist/tex/generic/oberdiek/kvdefinekeys.sty
Package: kvdefinekeys 2011/04/07 v1.3 Define keys (HO)
))
(/usr/share/texlive/texmf-dist/tex/latex/oberdiek/kvoptions.sty
Package: kvoptions 2011/06/30 v3.11 Key value format for package options (HO)

(/usr/share/texlive/texmf-dist/tex/generic/oberdiek/kvsetkeys.sty
Package: kvsetkeys 2012/04/25 v1.16 Key value parser (HO)

(/usr/share/texlive/texmf-dist/tex/generic/oberdiek/etexcmds.sty
Package: etexcmds 2011/02/16 v1.5 Avoid name clashes with e-TeX commands (HO)
Package etexcmds Info: Could not find \expanded.
(etexcmds)             That can mean that you are not using pdfTeX 1.50 or
(etexcmds)             that some package has redefined \expanded.
(etexcmds)             In the latter case, load this package earlier.
)))
Package grfext Info: Graphics extension search list:
(grfext)             [.png,.pdf,.jpg,.mps,.jpeg,.jbig2,.jb2,.PNG,.PDF,.JPG,.JPE
G,.JBIG2,.JB2,.eps]
(grfext)             \AppendGraphicsExtensions on input line 452.

(/usr/share/texlive/texmf-dist/tex/latex/latexconfig/epstopdf-sys.cfg
File: epstopdf-sys.cfg 2010/07/13 v1.3 Configuration of (r)epstopdf for TeX Liv
e
))
LaTeX Font Info:    Try loading font information for LY1+phv on input line 33.

(/usr/share/texlive/texmf-dist/tex/latex/ly1/ly1phv.fd
File: ly1phv.fd 2001/02/01 scalable font definitions for LY1/phv using Berry na
mes.
)
Package epstopdf Info: Source file: <OUP_First_SBk_Bot_8401.eps>
(epstopdf)                    date: 2016-11-28 08:03:24
(epstopdf)                    size: 407286 bytes
(epstopdf)             Output file: <OUP_First_SBk_Bot_8401-eps-converted-to.pd
f>
(epstopdf)                    date: 2016-11-28 08:03:24
(epstopdf)                    size: 9259 bytes
(epstopdf)             Command: <repstopdf --outfile=OUP_First_SBk_Bot_8401-eps
-converted-to.pdf OUP_First_SBk_Bot_8401.eps>
(epstopdf)             \includegraphics on input line 33.
Package epstopdf Info: Output file is already uptodate.

<OUP_First_SBk_Bot_8401-eps-converted-to.pdf, id=1, 54.2025pt x 54.2025pt>
File: OUP_First_SBk_Bot_8401-eps-converted-to.pdf Graphic file (type pdf)

<use OUP_First_SBk_Bot_8401-eps-converted-to.pdf>
Package pdftex.def Info: OUP_First_SBk_Bot_8401-eps-converted-to.pdf used on in
put line 33.
(pdftex.def)             Requested size: 54.20236pt x 54.20236pt.
LaTeX Font Info:    Font shape `LY1/phv/bx/n' in size <8> not available
(Font)              Font shape `LY1/phv/b/n' tried instead on input line 33.
LaTeX Font Info:    Font shape `LY1/phv/bx/n' in size <18> not available
(Font)              Font shape `LY1/phv/b/n' tried instead on input line 33.
LaTeX Font Info:    Font shape `LY1/phv/bx/n' in size <12> not available
(Font)              Font shape `LY1/phv/b/n' tried instead on input line 33.
LaTeX Font Info:    Try loading font information for U+msa on input line 33.

(/usr/share/texlive/texmf-dist/tex/latex/amsfonts/umsa.fd
File: umsa.fd 2013/01/14 v3.01 AMS symbols A
)
LaTeX Font Info:    Try loading font information for U+msb on input line 33.

(/usr/share/texlive/texmf-dist/tex/latex/amsfonts/umsb.fd
File: umsb.fd 2013/01/14 v3.01 AMS symbols B
)
LaTeX Font Info:    Try loading font information for U+wasy on input line 33.

(/usr/share/texlive/texmf-dist/tex/latex/wasysym/uwasy.fd
File: uwasy.fd 2003/10/30 v2.0 Wasy-2 symbol font definitions
)

LaTeX Font Warning: Font shape `U/wasy/b/n' in size <9> not available
(Font)              Font shape `U/wasy/m/n' tried instead on input line 33.


LaTeX Font Warning: Font shape `U/wasy/b/n' in size <7> not available
(Font)              Font shape `U/wasy/m/n' tried instead on input line 33.

LaTeX Font Info:    Font shape `LY1/phv/bx/n' in size <9> not available
(Font)              Font shape `LY1/phv/b/n' tried instead on input line 33.
LaTeX Font Info:    Font shape `LY1/phv/bx/n' in size <7> not available
(Font)              Font shape `LY1/phv/b/n' tried instead on input line 33.

LaTeX Font Warning: Font shape `OT1/cmr/m/n' in size <6.5> not available
(Font)              size <6> substituted on input line 33.


LaTeX Font Warning: Font shape `OML/cmm/m/it' in size <6.5> not available
(Font)              size <6> substituted on input line 33.


LaTeX Font Warning: Font shape `OMS/cmsy/m/n' in size <6.5> not available
(Font)              size <6> substituted on input line 33.


LaTeX Font Warning: Font shape `U/wasy/m/n' in size <6.5> not available
(Font)              size <6> substituted on input line 33.

LaTeX Font Info:    Calculating math sizes for size <8.5> on input line 33.

LaTeX Font Warning: Font shape `OT1/cmr/m/n' in size <8.5> not available
(Font)              size <8> substituted on input line 33.


LaTeX Font Warning: Font shape `OT1/cmr/m/n' in size <4.25> not available
(Font)              size <5> substituted on input line 33.


LaTeX Font Warning: Font shape `OML/cmm/m/it' in size <8.5> not available
(Font)              size <8> substituted on input line 33.


LaTeX Font Warning: Font shape `OML/cmm/m/it' in size <4.25> not available
(Font)              size <5> substituted on input line 33.


LaTeX Font Warning: Font shape `OMS/cmsy/m/n' in size <8.5> not available
(Font)              size <8> substituted on input line 33.


LaTeX Font Warning: Font shape `OMS/cmsy/m/n' in size <4.25> not available
(Font)              size <5> substituted on input line 33.


LaTeX Font Warning: Font shape `U/wasy/m/n' in size <8.5> not available
(Font)              size <8> substituted on input line 33.


LaTeX Font Warning: Font shape `U/wasy/m/n' in size <4.25> not available
(Font)              size <5> substituted on input line 33.

LaTeX Font Info:    Font shape `LY1/phv/bx/n' in size <10> not available
(Font)              Font shape `LY1/phv/b/n' tried instead on input line 33.
LaTeX Font Info:    Font shape `LY1/phv/m/it' in size <9> not available
(Font)              Font shape `LY1/phv/m/sl' tried instead on input line 33.

Underfull \hbox (badness 10000) detected at line 33
[]
 []


Underfull \vbox (badness 10000) has occurred while \output is active []


Underfull \hbox (badness 1454) in paragraph at lines 45--46
\LY1/ptm/m/n/8 and compare how the proposed encoding schemes meet these
 []


Underfull \vbox (badness 10000) has occurred while \output is active []


Overfull \hbox (1.12001pt too wide) has occurred while \output is active
 []
 []

[1{/var/lib/texmf/fonts/map/pdftex/updmap/pdftex.map}



 <./OUP_First_SBk_Bot_8401-eps-converted-to.pdf>]
LaTeX Font Info:    Try loading font information for LY1+pcr on input line 73.
 (/usr/share/texlive/texmf-dist/tex/latex/ly1/ly1pcr.fd
File: ly1pcr.fd 2001/02/01 font definitions for LY1/pcr using Berry names.
)
LaTeX Font Info:    Try loading font information for LY1+phb on input line 76.
LaTeX Font Info:    No file LY1phb.fd. on input line 76.

LaTeX Font Warning: Font shape `LY1/phb/m/n' undefined
(Font)              using `LY1/ptm/m/n' instead on input line 76.


LaTeX Font Warning: Font shape `LY1/phb/bx/n' undefined
(Font)              using `LY1/phb/m/n' instead on input line 76.


Underfull \vbox (badness 10000) has occurred while \output is active []

LaTeX Font Info:    Font shape `LY1/phv/m/it' in size <8> not available
(Font)              Font shape `LY1/phv/m/sl' tried instead on input line 135.

Overfull \hbox (252.0pt too wide) has occurred while \output is active
[][] 
 []

[2]
Underfull \hbox (badness 1931) in paragraph at lines 159--160
[]\LY1/ptm/m/n/8 Methods in the frequency domain include the discrete cosine
 []


Underfull \hbox (badness 1400) in paragraph at lines 161--162
\LY1/ptm/m/n/8 (ABCDE) [[]], and genetic algorithm approaches that attempt to
 []

LaTeX Font Info:    Font shape `LY1/ptm/bx/n' in size <8> not available
(Font)              Font shape `LY1/ptm/b/n' tried instead on input line 165.

Package natbib Warning: Citation `ADLEMAN1994' on page 3 undefined on input lin
e 165.


Package natbib Warning: Citation `BONEH1996' on page 3 undefined on input line 
165.


Package natbib Warning: Citation `KARI2000' on page 3 undefined on input line 1
65.


Package natbib Warning: Citation `OGIHARA1999' on page 3 undefined on input lin
e 165.


Package natbib Warning: Citation `STOJANOVIC2003' on page 3 undefined on input 
line 165.


Package natbib Warning: Citation `MACDONALD2006' on page 3 undefined on input l
ine 165.


Package natbib Warning: Citation `BENENSON2004' on page 3 undefined on input li
ne 167.


Package natbib Warning: Citation `NAYEBI2009' on page 3 undefined on input line
 167.


Package natbib Warning: Citation `BONNET2013' on page 3 undefined on input line
 167.


Package natbib Warning: Citation `BROPHY2014' on page 3 undefined on input line
 167.


Package natbib Warning: Citation `NIELSEN2016' on page 3 undefined on input lin
e 167.


Overfull \hbox (252.0pt too wide) has occurred while \output is active
[][] 
 []

[3]
Overfull \hbox (252.0pt too wide) has occurred while \output is active
[][] 
 []

[4]
Underfull \hbox (badness 2096) in paragraph at lines 295--296
\LY1/ptm/m/n/8 Artificial DNA researchers have already taken advantage of data
 []


Overfull \hbox (252.0pt too wide) has occurred while \output is active
[][] 
 []

[5] (./main.bbl
Overfull \hbox (252.0pt too wide) has occurred while \output is active
[][] 
 []

[6]
Underfull \hbox (badness 1009) in paragraph at lines 69--74
[]\LY1/ptm/m/n/7 W.-Y. Chen.  Color image steganography scheme using set partit
ioning
 []


Underfull \hbox (badness 1515) in paragraph at lines 139--143
\LY1/ptm/m/n/7 for embedding data in non-coding and coding regions of dna.  \LY
1/ptm/m/it/7 BMC
 []


Underfull \hbox (badness 2359) in paragraph at lines 160--165
\LY1/ptm/m/n/7 complexity measures.  In \LY1/ptm/m/it/7 Proc. of Pacific Rim Wo
rkshop on Digital
 []


Underfull \vbox (badness 10000) has occurred while \output is active []


Underfull \hbox (badness 4846) in paragraph at lines 335--345
[]\LY1/ptm/m/n/7 @articleREED1960, title=Polynomial codes over certain finite f
ields,
 []


Underfull \hbox (badness 5563) in paragraph at lines 346--354
[]\LY1/ptm/m/n/7 @inproceedingsBORNHOLT2016, title=A DNA-based archival storage

 []


Underfull \vbox (badness 10000) has occurred while \output is active []


Overfull \hbox (252.0pt too wide) has occurred while \output is active
[][] 
 []

[7]
Underfull \hbox (badness 10000) in paragraph at lines 373--381
[]\LY1/ptm/m/n/7 @inproceedingsPOTDAR2005, title=Fingerprinted secret sharing
 []


Underfull \hbox (badness 1028) in paragraph at lines 382--392
[]\LY1/ptm/m/n/7 @articleJUNG2009, title=Data hiding method using image interpo
lation,
 []


Underfull \hbox (badness 10000) in paragraph at lines 382--392
\LY1/ptm/m/n/7 & Interfaces, volume=31, number=2, pages=465--470, year=2009,
 []


Underfull \hbox (badness 2285) in paragraph at lines 393--402
\LY1/ptm/m/n/7 and Zeng, Xianting, booktitle=Computer Engineering and Technolog
y,
 []


Underfull \hbox (badness 5388) in paragraph at lines 412--420
[]\LY1/ptm/m/n/7 @inproceedingsMCKEON2007, title=Strange Fourier steganography 
in
 []


Underfull \hbox (badness 2073) in paragraph at lines 412--420
\LY1/ptm/m/n/7 movies, author=McKeon, Robert T, booktitle=2007 IEEE Internation
al
 []


Underfull \hbox (badness 1755) in paragraph at lines 430--440
[]\LY1/ptm/m/n/7 @articleCHEN2007, title=Color image steganography scheme using
 set
 []


Underfull \hbox (badness 1205) in paragraph at lines 430--440
\LY1/ptm/m/n/7 and Computation, volume=185, number=1, pages=432--448, year=2007
,
 []


Underfull \hbox (badness 7133) in paragraph at lines 450--457
[]\LY1/ptm/m/n/7 @inproceedingsVERMA2005, title=Watermarking image databases: a

 []


Underfull \hbox (badness 1173) in paragraph at lines 450--457
\LY1/ptm/m/n/7 booktitle=Proceedings of the International Conference on Cogniti
on and
 []


Underfull \hbox (badness 1946) in paragraph at lines 458--467
[]\LY1/ptm/m/n/7 @inproceedingsABDULAZIZ2000, title=Robust data hiding for imag
es,
 []


Underfull \hbox (badness 1902) in paragraph at lines 475--483
[]\LY1/ptm/m/n/7 @inproceedingsABDELWAHAB2008, title=A discrete wavelet transfo
rm
 []


Underfull \hbox (badness 10000) in paragraph at lines 484--492
[]\LY1/ptm/m/n/7 @inproceedingsSALLEE2003, title=Model-based steganography,
 []


Underfull \hbox (badness 2689) in paragraph at lines 502--509
[]\LY1/ptm/m/n/7 @inproceedingsHIROHISA2002, title=A data embedding method usin
g
 []


Underfull \hbox (badness 5490) in paragraph at lines 510--520
[]\LY1/ptm/m/n/7 @articleWU2006GEN, title=Genetic algorithm based methodology f
or
 []


Underfull \hbox (badness 1502) in paragraph at lines 510--520
\LY1/ptm/m/n/7 breaking the steganalytic systems, author=Wu, Yi-Ta and Shih, Fr
ank
 []


Underfull \hbox (badness 6047) in paragraph at lines 510--520
\LY1/ptm/m/n/7 Y, journal=IEEE Transactions on Systems, Man, and Cybernetics,
 []


Underfull \hbox (badness 1024) in paragraph at lines 510--520
\LY1/ptm/m/n/7 Part B (Cybernetics), volume=36, number=1, pages=24--31, year=20
06,
 []


Underfull \hbox (badness 4595) in paragraph at lines 521--529
[]\LY1/ptm/m/n/7 @articleADLEMAN1994, title=Molecular computation of solutions 
to
 []


Underfull \hbox (badness 2680) in paragraph at lines 521--529
\LY1/ptm/m/n/7 combinatorial problems, author=Adleman, Leonard M, journal=Natur
e,
 []


Underfull \vbox (badness 10000) has occurred while \output is active []


Underfull \hbox (badness 10000) in paragraph at lines 530--540
[]\LY1/ptm/m/n/7 @articleBONEH1996, title=On the computational power of DNA,
 []


Underfull \hbox (badness 1221) in paragraph at lines 530--540
\LY1/ptm/m/n/7 author=Boneh, Dan and Dunworth, Christopher and Lipton, Richard 
J
 []


Underfull \hbox (badness 10000) in paragraph at lines 552--560
[]\LY1/ptm/m/n/7 @inproceedingsOGIHARA1999, title=Executing parallel logical
 []


Underfull \hbox (badness 2635) in paragraph at lines 552--560
\LY1/ptm/m/n/7 operations with DNA, author=Ogihara, Mitsunori and Ray, Animesh,

 []


Underfull \hbox (badness 1354) in paragraph at lines 561--571
[]\LY1/ptm/m/n/7 @articleBENENSON2004, title=An autonomous molecular computer f
or
 []


Underfull \hbox (badness 10000) in paragraph at lines 579--589
[]\LY1/ptm/m/n/7 @articleSTOJANOVIC2003, title=A deoxyribozyme-based molecular
 []


Underfull \hbox (badness 3919) in paragraph at lines 579--589
\LY1/ptm/m/n/7 biotechnology, volume=21, number=9, pages=1069--1074, year=2003,

 []


Underfull \hbox (badness 10000) in paragraph at lines 612--622
[]\LY1/ptm/m/n/7 @articleBROPHY2014, title=Principles of genetic circuit design
,
 []


Underfull \hbox (badness 3792) in paragraph at lines 612--622
\LY1/ptm/m/n/7 volume=11, number=5, pages=508--520, year=2014, publisher=Nature

 []


Underfull \hbox (badness 10000) in paragraph at lines 623--633
[]\LY1/ptm/m/n/7 @articleNIELSEN2016, title=Genetic circuit design automation,
 []

)
Underfull \vbox (badness 10000) has occurred while \output is active []


Underfull \vbox (badness 10000) has occurred while \output is active []

Extra height:11.519pt when 547.019pt

Underfull \vbox (badness 10000) has occurred while \output is active []


Underfull \vbox (badness 10000) has occurred while \output is active []

Extra height:11.519pt when 548.019pt

Underfull \vbox (badness 10000) has occurred while \output is active []


Underfull \vbox (badness 10000) has occurred while \output is active []

Extra height:11.519pt when 549.019pt

Underfull \vbox (badness 10000) has occurred while \output is active []

Extra height:0.0pt when 550.019pt

Underfull \vbox (badness 10000) has occurred while \output is active []

(2)Left:550.019pt Right:545.038pt Output:550.019pt
- LAST -
Extra skip:0.0pt
Left:550.019pt
Right:545.038pt
Output:550.019pt

Underfull \vbox (badness 10000) has occurred while \output is active []


Underfull \vbox (badness 10000) has occurred while \output is active []


Overfull \hbox (252.0pt too wide) has occurred while \output is active
[][] 
 []

[8]

Package natbib Warning: There were undefined citations.

(./main.aux)

LaTeX Font Warning: Size substitutions with differences
(Font)              up to 0.75pt have occurred.


LaTeX Font Warning: Some font shapes were not available, defaults substituted.


LaTeX Warning: There were multiply-defined labels.

 ) 
Here is how much of TeX's memory you used:
 3950 strings out of 493029
 48507 string characters out of 6136235
 139191 words of memory out of 5000000
 7370 multiletter control sequences out of 15000+600000
 55023 words of font info for 101 fonts, out of 8000000 for 9000
 1145 hyphenation exceptions out of 8191
 38i,11n,28p,1057b,371s stack positions out of 5000i,500n,10000p,200000b,80000s
{/usr/share/texlive/texmf-dist/fonts/enc/dvips/ly1/texnansi.enc}</usr/share/t
exlive/texmf-dist/fonts/type1/public/amsfonts/cmextra/cmbsy9.pfb></usr/share/te
xlive/texmf-dist/fonts/type1/public/amsfonts/cm/cmmi6.pfb></usr/share/texlive/t
exmf-dist/fonts/type1/public/amsfonts/cm/cmmi8.pfb></usr/share/texlive/texmf-di
st/fonts/type1/public/amsfonts/cm/cmr6.pfb></usr/share/texlive/texmf-dist/fonts
/type1/public/amsfonts/cm/cmr8.pfb></usr/share/texlive/texmf-dist/fonts/type1/p
ublic/amsfonts/cm/cmsy6.pfb></usr/share/texlive/texmf-dist/fonts/type1/public/a
msfonts/cm/cmsy7.pfb></usr/share/texlive/texmf-dist/fonts/type1/public/amsfonts
/cm/cmsy8.pfb></usr/share/texlive/texmf-dist/fonts/type1/urw/courier/ucrr8a.pfb
></usr/share/texlive/texmf-dist/fonts/type1/urw/helvetic/uhvb8a.pfb></usr/share
/texlive/texmf-dist/fonts/type1/urw/helvetic/uhvr8a.pfb></usr/share/texlive/tex
mf-dist/fonts/type1/urw/helvetic/uhvr8ac.pfb></usr/share/texlive/texmf-dist/fon
ts/type1/urw/helvetic/uhvro8a.pfb></usr/share/texlive/texmf-dist/fonts/type1/ur
w/helvetic/uhvro8ac.pfb></usr/share/texlive/texmf-dist/fonts/type1/urw/times/ut
mb8a.pfb></usr/share/texlive/texmf-dist/fonts/type1/urw/times/utmr8a.pfb></usr/
share/texlive/texmf-dist/fonts/type1/urw/times/utmri8a.pfb></usr/share/texlive/
texmf-dist/fonts/type1/public/wasy2-ps/wasy7.pfb></usr/share/texlive/texmf-dist
/fonts/type1/public/wasy2-ps/wasy8.pfb>
Output written on main.pdf (8 pages, 224564 bytes).
PDF statistics:
 113 PDF objects out of 1000 (max. 8388607)
 81 compressed objects within 1 object stream
 0 named destinations out of 1000 (max. 500000)
 6 words of extra memory for PDF output out of 10000 (max. 10000000)

